<testng-results>
  <reporter-output>
  </reporter-output>
  <suite name="Custom suite">
    <groups>
    </groups>
    <test name="thoughtDocs">
      <class name="com.thoughtDocs.test.AccountFixture">
        <test-method status="PASS" signature="getRespositories()" name="getRespositories" duration-ms="347" started-at="2009-07-20T14:05:25Z" finished-at="2009-07-20T14:05:25Z">
        </test-method>
      </class>
      <class name="com.thoughtDocs.test.RepositoryFixture">
        <test-method status="PASS" signature="getDocumentsTest()" name="getDocumentsTest" duration-ms="47" started-at="2009-07-20T14:05:25Z" finished-at="2009-07-20T14:05:25Z">
        </test-method>
      </class>
    </test>
  </suite>
</testng-results>
